[      63ms] [INFO] %cDownload the React DevTools for a better development experience: https://reactjs.org/link/react-devtools font-weight:bold @ http://localhost:5177/node_modules/.vite/deps/chunk-FD5SMSK5.js?v=23b2d2bb:21608
[     158ms] [ERROR] Warning: [antd: Input] `addonAfter` is deprecated. Please use `Space.Compact` instead. @ http://localhost:5177/node_modules/.vite/deps/chunk-HKLDFRIY.js?v=23b2d2bb:1247
[     221ms] [WARNING] ⚠️ React Router Future Flag Warning: React Router will begin wrapping state updates in `React.startTransition` in v7. You can use the `v7_startTransition` future flag to opt-in early. For more information, see https://reactrouter.com/v6/upgrading/future#v7_starttransition. @ http://localhost:5177/node_modules/.vite/deps/react-router-dom.js?v=23b2d2bb:4435
[     221ms] [WARNING] ⚠️ React Router Future Flag Warning: Relative route resolution within Splat routes is changing in v7. You can use the `v7_relativeSplatPath` future flag to opt-in early. For more information, see https://reactrouter.com/v6/upgrading/future#v7_relativesplatpath. @ http://localhost:5177/node_modules/.vite/deps/react-router-dom.js?v=23b2d2bb:4435
[     269ms] [ERROR] Failed to load resource: the server responded with a status of 404 (Not Found) @ http://localhost:5177/api/diagnosis/conversation/35488f64-451d-4f66-90cc-3d7089efa04d:0
[     293ms] [WARNING] Failed to load conversation: Error: Session not found
    at getConversation (http://localhost:5177/src/api/conversationApi.ts:66:11)
    at async loadConversation (http://localhost:5177/src/pages/DiagnosisStudioPage.tsx?t=1779620383887:121:23) @ http://localhost:5177/src/pages/DiagnosisStudioPage.tsx?t=1779620383887:134
[ 1196540ms] [ERROR] Failed to load resource: the server responded with a status of 500 (Internal Server Error) @ http://localhost:5177/src/i18n/index.ts:0
[ 1197722ms] [ERROR] Failed to load resource: the server responded with a status of 500 (Internal Server Error) @ http://localhost:5177/src/i18n/index.ts?t=1779622362035:0
[ 1197892ms] [ERROR] Failed to load resource: the server responded with a status of 500 (Internal Server Error) @ http://localhost:5177/src/i18n/index.ts?t=1779622362035:0
[ 1201271ms] [ERROR] Failed to load resource: the server responded with a status of 500 (Internal Server Error) @ http://localhost:5177/src/i18n/index.ts?t=1779622365754:0
[ 1209676ms] [ERROR] Failed to load resource: the server responded with a status of 500 (Internal Server Error) @ http://localhost:5177/src/i18n/index.ts?t=1779622365754:0
[ 1276315ms] [ERROR] Failed to load resource: the server responded with a status of 500 (Internal Server Error) @ http://localhost:5177/src/i18n/index.ts?t=1779622440818:0
[ 1284257ms] [ERROR] Failed to load resource: the server responded with a status of 500 (Internal Server Error) @ http://localhost:5177/src/i18n/index.ts?t=1779622448830:0
[ 1293351ms] [ERROR] Failed to load resource: the server responded with a status of 500 (Internal Server Error) @ http://localhost:5177/src/i18n/index.ts?t=1779622457891:0
[ 1293403ms] [ERROR] Failed to load resource: the server responded with a status of 500 (Internal Server Error) @ http://localhost:5177/src/i18n/index.ts?t=1779622457891:0
[ 1301212ms] [ERROR] Failed to load resource: the server responded with a status of 500 (Internal Server Error) @ http://localhost:5177/src/i18n/index.ts?t=1779622465792:0
[ 1310320ms] [ERROR] Failed to load resource: the server responded with a status of 500 (Internal Server Error) @ http://localhost:5177/src/locales/zh.json?t=1779622440828&import:0
[ 1312358ms] [ERROR] Failed to load resource: the server responded with a status of 500 (Internal Server Error) @ http://localhost:5177/src/locales/zh.json?t=1779622440828&import:0
[ 1317177ms] [ERROR] Failed to load resource: the server responded with a status of 500 (Internal Server Error) @ http://localhost:5177/src/locales/zh.json?t=1779622440828&import:0
[ 1317341ms] [ERROR] Failed to load resource: the server responded with a status of 500 (Internal Server Error) @ http://localhost:5177/src/locales/zh.json?t=1779622440828&import:0
[ 1335322ms] [INFO] %cDownload the React DevTools for a better development experience: https://reactjs.org/link/react-devtools font-weight:bold @ http://localhost:5177/node_modules/.vite/deps/chunk-FD5SMSK5.js?v=663fd24c:21608
[ 1335486ms] [ERROR] Warning: [antd: Input] `addonAfter` is deprecated. Please use `Space.Compact` instead. @ http://localhost:5177/node_modules/.vite/deps/chunk-L6C7PLMZ.js?v=663fd24c:1247
[ 1335571ms] [WARNING] ⚠️ React Router Future Flag Warning: React Router will begin wrapping state updates in `React.startTransition` in v7. You can use the `v7_startTransition` future flag to opt-in early. For more information, see https://reactrouter.com/v6/upgrading/future#v7_starttransition. @ http://localhost:5177/node_modules/.vite/deps/react-router-dom.js?v=663fd24c:4435
[ 1335571ms] [WARNING] ⚠️ React Router Future Flag Warning: Relative route resolution within Splat routes is changing in v7. You can use the `v7_relativeSplatPath` future flag to opt-in early. For more information, see https://reactrouter.com/v6/upgrading/future#v7_relativesplatpath. @ http://localhost:5177/node_modules/.vite/deps/react-router-dom.js?v=663fd24c:4435
[ 1335633ms] [ERROR] Failed to load resource: the server responded with a status of 404 (Not Found) @ http://localhost:5177/api/diagnosis/conversation/35488f64-451d-4f66-90cc-3d7089efa04d:0
[ 1335636ms] [WARNING] Failed to load conversation: Error: Session not found
    at getConversation (http://localhost:5177/src/api/conversationApi.ts:66:11)
    at async loadConversation (http://localhost:5177/src/pages/DiagnosisStudioPage.tsx?t=1779622481935:121:23) @ http://localhost:5177/src/pages/DiagnosisStudioPage.tsx?t=1779622481935:134
[ 1561290ms] [ERROR] Failed to load resource: the server responded with a status of 404 (Not Found) @ http://localhost:5177/api/diagnosis/conversation/35488f64-451d-4f66-90cc-3d7089efa04d:0
[ 1561291ms] [WARNING] Failed to load conversation: Error: Session not found
    at getConversation (http://localhost:5177/src/api/conversationApi.ts:66:11)
    at async loadConversation (http://localhost:5177/src/pages/DiagnosisStudioPage.tsx?t=1779622725872:121:23) @ http://localhost:5177/src/pages/DiagnosisStudioPage.tsx?t=1779622725872:134
[ 1583762ms] [ERROR] Warning: React has detected a change in the order of Hooks called by %s. This will lead to bugs and errors if not fixed. For more information, read the Rules of Hooks: https://reactjs.org/link/rules-of-hooks

   Previous render            Next render
   ------------------------------------------------------
%s   ^^^^^^^^^^^^^^^^^^^^^^^^^^^^^^^^^^^^^^^^^^^^^^^^^^^^^^
%s DiagnosisStudioPage 1. useState                   useState
2. useState                   useState
3. useEffect                  useEffect
4. useCallback                useCallback
5. useCallback                useCallback
6. useRef                     useRef
7. useRef                     useRef
8. useContext                 useContext
9. useContext                 useContext
10. useMemo                   useMemo
11. useContext                useContext
12. useContext                useContext
13. useContext                useContext
14. useContext                useContext
15. useContext                useContext
16. useContext                useContext
17. useContext                useContext
18. useRef                    useRef
19. useContext                useContext
20. useLayoutEffect           useLayoutEffect
21. useCallback               useCallback
22. useCallback               useCallback
23. useContext                useContext
24. useState                  useState
25. useState                  useState
26. useState                  useState
27. useState                  useState
28. useState                  useState
29. useState                  useState
30. useState                  useState
31. useState                  useState
32. useState                  useState
33. useState                  useState
34. useState                  useState
35. useState                  useState
36. useState                  useState
37. useRef                    useRef
38. useState                  useState
39. useState                  useContext
 
    at DiagnosisStudioPage (http://localhost:5177/src/pages/DiagnosisStudioPage.tsx?t=1779622748350:38:40)
    at div
    at TabContent (http://localhost:5177/src/App.tsx?t=1779622516231:75:23)
    at main
    at http://localhost:5177/node_modules/.vite/deps/antd.js?v=663fd24c:66648:16
    at Content
    at div
    at http://localhost:5177/node_modules/.vite/deps/antd.js?v=663fd24c:66667:16
    at Layout
    at div
    at http://localhost:5177/node_modules/.vite/deps/antd.js?v=663fd24c:66667:16
    at Layout
    at App (http://localhost:5177/src/App.tsx?t=1779622516231:101:20)
    at DiagnosisProvider (http://localhost:5177/src/context/DiagnosisContext.tsx:20:37)
    at Router (http://localhost:5177/node_modules/.vite/deps/react-router-dom.js?v=663fd24c:4544:15)
    at BrowserRouter (http://localhost:5177/node_modules/.vite/deps/react-router-dom.js?v=663fd24c:5290:5)
    at MotionWrapper (http://localhost:5177/node_modules/.vite/deps/antd.js?v=663fd24c:6574:32)
    at ProviderChildren (http://localhost:5177/node_modules/.vite/deps/antd.js?v=663fd24c:6682:5)
    at ConfigProvider (http://localhost:5177/node_modules/.vite/deps/antd.js?v=663fd24c:6973:27)
    at I18nextProvider (http://localhost:5177/node_modules/.vite/deps/react-i18next.js?v=663fd24c:1529:3) @ http://localhost:5177/node_modules/.vite/deps/chunk-FD5SMSK5.js?v=663fd24c:520
[ 1583763ms] Error: Should have a queue. This is likely a bug in React. Please file an issue.
    at updateReducer (http://localhost:5177/node_modules/.vite/deps/chunk-FD5SMSK5.js?v=663fd24c:11778:19)
    at updateState (http://localhost:5177/node_modules/.vite/deps/chunk-FD5SMSK5.js?v=663fd24c:12069:18)
    at Object.useState (http://localhost:5177/node_modules/.vite/deps/chunk-FD5SMSK5.js?v=663fd24c:12801:24)
    at useState (http://localhost:5177/node_modules/.vite/deps/chunk-YHPANKLD.js?v=663fd24c:1066:29)
    at useTranslation (http://localhost:5177/node_modules/.vite/deps/react-i18next.js?v=663fd24c:1404:64)
    at useResultDetection (http://localhost:5177/src/hooks/useResultDetection.ts?t=1779622748350:10:17)
    at DiagnosisStudioPage (http://localhost:5177/src/pages/DiagnosisStudioPage.tsx?t=1779622748350:75:82)
    at renderWithHooks (http://localhost:5177/node_modules/.vite/deps/chunk-FD5SMSK5.js?v=663fd24c:11596:26)
    at updateFunctionComponent (http://localhost:5177/node_modules/.vite/deps/chunk-FD5SMSK5.js?v=663fd24c:14630:28)
    at beginWork (http://localhost:5177/node_modules/.vite/deps/chunk-FD5SMSK5.js?v=663fd24c:15972:22)
[ 1583763ms] Error: Should have a queue. This is likely a bug in React. Please file an issue.
    at updateReducer (http://localhost:5177/node_modules/.vite/deps/chunk-FD5SMSK5.js?v=663fd24c:11778:19)
    at updateState (http://localhost:5177/node_modules/.vite/deps/chunk-FD5SMSK5.js?v=663fd24c:12069:18)
    at Object.useState (http://localhost:5177/node_modules/.vite/deps/chunk-FD5SMSK5.js?v=663fd24c:12801:24)
    at useState (http://localhost:5177/node_modules/.vite/deps/chunk-YHPANKLD.js?v=663fd24c:1066:29)
    at useTranslation (http://localhost:5177/node_modules/.vite/deps/react-i18next.js?v=663fd24c:1404:64)
    at useResultDetection (http://localhost:5177/src/hooks/useResultDetection.ts?t=1779622748350:10:17)
    at DiagnosisStudioPage (http://localhost:5177/src/pages/DiagnosisStudioPage.tsx?t=1779622748350:75:82)
    at renderWithHooks (http://localhost:5177/node_modules/.vite/deps/chunk-FD5SMSK5.js?v=663fd24c:11596:26)
    at updateFunctionComponent (http://localhost:5177/node_modules/.vite/deps/chunk-FD5SMSK5.js?v=663fd24c:14630:28)
    at beginWork (http://localhost:5177/node_modules/.vite/deps/chunk-FD5SMSK5.js?v=663fd24c:15972:22)
[ 1583766ms] [ERROR] The above error occurred in the <DiagnosisStudioPage> component:

    at DiagnosisStudioPage (http://localhost:5177/src/pages/DiagnosisStudioPage.tsx?t=1779622748350:38:40)
    at div
    at TabContent (http://localhost:5177/src/App.tsx?t=1779622516231:75:23)
    at main
    at http://localhost:5177/node_modules/.vite/deps/antd.js?v=663fd24c:66648:16
    at Content
    at div
    at http://localhost:5177/node_modules/.vite/deps/antd.js?v=663fd24c:66667:16
    at Layout
    at div
    at http://localhost:5177/node_modules/.vite/deps/antd.js?v=663fd24c:66667:16
    at Layout
    at App (http://localhost:5177/src/App.tsx?t=1779622516231:101:20)
    at DiagnosisProvider (http://localhost:5177/src/context/DiagnosisContext.tsx:20:37)
    at Router (http://localhost:5177/node_modules/.vite/deps/react-router-dom.js?v=663fd24c:4544:15)
    at BrowserRouter (http://localhost:5177/node_modules/.vite/deps/react-router-dom.js?v=663fd24c:5290:5)
    at MotionWrapper (http://localhost:5177/node_modules/.vite/deps/antd.js?v=663fd24c:6574:32)
    at ProviderChildren (http://localhost:5177/node_modules/.vite/deps/antd.js?v=663fd24c:6682:5)
    at ConfigProvider (http://localhost:5177/node_modules/.vite/deps/antd.js?v=663fd24c:6973:27)
    at I18nextProvider (http://localhost:5177/node_modules/.vite/deps/react-i18next.js?v=663fd24c:1529:3)

Consider adding an error boundary to your tree to customize error handling behavior.
Visit https://reactjs.org/link/error-boundaries to learn more about error boundaries. @ http://localhost:5177/node_modules/.vite/deps/chunk-FD5SMSK5.js?v=663fd24c:14079
[ 1583768ms] Error: Should have a queue. This is likely a bug in React. Please file an issue.
    at updateReducer (http://localhost:5177/node_modules/.vite/deps/chunk-FD5SMSK5.js?v=663fd24c:11778:19)
    at updateState (http://localhost:5177/node_modules/.vite/deps/chunk-FD5SMSK5.js?v=663fd24c:12069:18)
    at Object.useState (http://localhost:5177/node_modules/.vite/deps/chunk-FD5SMSK5.js?v=663fd24c:12801:24)
    at useState (http://localhost:5177/node_modules/.vite/deps/chunk-YHPANKLD.js?v=663fd24c:1066:29)
    at useTranslation (http://localhost:5177/node_modules/.vite/deps/react-i18next.js?v=663fd24c:1404:64)
    at useResultDetection (http://localhost:5177/src/hooks/useResultDetection.ts?t=1779622748350:10:17)
    at DiagnosisStudioPage (http://localhost:5177/src/pages/DiagnosisStudioPage.tsx?t=1779622748350:75:82)
    at renderWithHooks (http://localhost:5177/node_modules/.vite/deps/chunk-FD5SMSK5.js?v=663fd24c:11596:26)
    at updateFunctionComponent (http://localhost:5177/node_modules/.vite/deps/chunk-FD5SMSK5.js?v=663fd24c:14630:28)
    at beginWork (http://localhost:5177/node_modules/.vite/deps/chunk-FD5SMSK5.js?v=663fd24c:15972:22)
[ 1603942ms] [ERROR] Failed to load resource: the server responded with a status of 404 (Not Found) @ http://localhost:5177/api/diagnosis/conversation/35488f64-451d-4f66-90cc-3d7089efa04d:0
[ 1603946ms] [WARNING] Failed to load conversation: Error: Session not found
    at getConversation (http://localhost:5177/src/api/conversationApi.ts:66:11)
    at async loadConversation (http://localhost:5177/src/pages/DiagnosisStudioPage.tsx?t=1779622768301:121:23) @ http://localhost:5177/src/pages/DiagnosisStudioPage.tsx?t=1779622768301:134
[ 1614529ms] [ERROR] Failed to load resource: the server responded with a status of 404 (Not Found) @ http://localhost:5177/api/diagnosis/conversation/35488f64-451d-4f66-90cc-3d7089efa04d:0
[ 1614529ms] [WARNING] Failed to load conversation: Error: Session not found
    at getConversation (http://localhost:5177/src/api/conversationApi.ts:66:11)
    at async loadConversation (http://localhost:5177/src/pages/DiagnosisStudioPage.tsx?t=1779622778988:123:23) @ http://localhost:5177/src/pages/DiagnosisStudioPage.tsx?t=1779622778988:136
[ 1620608ms] [ERROR] Failed to load resource: the server responded with a status of 404 (Not Found) @ http://localhost:5177/api/diagnosis/conversation/35488f64-451d-4f66-90cc-3d7089efa04d:0
[ 1620608ms] [WARNING] Failed to load conversation: Error: Session not found
    at getConversation (http://localhost:5177/src/api/conversationApi.ts:66:11)
    at async loadConversation (http://localhost:5177/src/pages/DiagnosisStudioPage.tsx?t=1779622785131:123:23) @ http://localhost:5177/src/pages/DiagnosisStudioPage.tsx?t=1779622785131:136
[ 1625599ms] [ERROR] Failed to load resource: the server responded with a status of 404 (Not Found) @ http://localhost:5177/api/diagnosis/conversation/35488f64-451d-4f66-90cc-3d7089efa04d:0
[ 1625599ms] [WARNING] Failed to load conversation: Error: Session not found
    at getConversation (http://localhost:5177/src/api/conversationApi.ts:66:11)
    at async loadConversation (http://localhost:5177/src/pages/DiagnosisStudioPage.tsx?t=1779622790131:123:23) @ http://localhost:5177/src/pages/DiagnosisStudioPage.tsx?t=1779622790131:136
[ 1628988ms] [ERROR] Failed to load resource: the server responded with a status of 404 (Not Found) @ http://localhost:5177/api/diagnosis/conversation/35488f64-451d-4f66-90cc-3d7089efa04d:0
[ 1628988ms] [WARNING] Failed to load conversation: Error: Session not found
    at getConversation (http://localhost:5177/src/api/conversationApi.ts:66:11)
    at async loadConversation (http://localhost:5177/src/pages/DiagnosisStudioPage.tsx?t=1779622793528:123:23) @ http://localhost:5177/src/pages/DiagnosisStudioPage.tsx?t=1779622793528:136
[ 1639383ms] [ERROR] Failed to load resource: the server responded with a status of 404 (Not Found) @ http://localhost:5177/api/diagnosis/conversation/35488f64-451d-4f66-90cc-3d7089efa04d:0
[ 1639384ms] [WARNING] Failed to load conversation: Error: Session not found
    at getConversation (http://localhost:5177/src/api/conversationApi.ts:66:11)
    at async loadConversation (http://localhost:5177/src/pages/DiagnosisStudioPage.tsx?t=1779622803906:123:23) @ http://localhost:5177/src/pages/DiagnosisStudioPage.tsx?t=1779622803906:136
[ 1643093ms] [ERROR] Failed to load resource: the server responded with a status of 404 (Not Found) @ http://localhost:5177/api/diagnosis/conversation/35488f64-451d-4f66-90cc-3d7089efa04d:0
[ 1643094ms] [WARNING] Failed to load conversation: Error: Session not found
    at getConversation (http://localhost:5177/src/api/conversationApi.ts:66:11)
    at async loadConversation (http://localhost:5177/src/pages/DiagnosisStudioPage.tsx?t=1779622807641:123:23) @ http://localhost:5177/src/pages/DiagnosisStudioPage.tsx?t=1779622807641:136
[ 1646738ms] [ERROR] Failed to load resource: the server responded with a status of 404 (Not Found) @ http://localhost:5177/api/diagnosis/conversation/35488f64-451d-4f66-90cc-3d7089efa04d:0
[ 1646739ms] [WARNING] Failed to load conversation: Error: Session not found
    at getConversation (http://localhost:5177/src/api/conversationApi.ts:66:11)
    at async loadConversation (http://localhost:5177/src/pages/DiagnosisStudioPage.tsx?t=1779622811271:123:23) @ http://localhost:5177/src/pages/DiagnosisStudioPage.tsx?t=1779622811271:136
[ 1651684ms] [ERROR] Failed to load resource: the server responded with a status of 404 (Not Found) @ http://localhost:5177/api/diagnosis/conversation/35488f64-451d-4f66-90cc-3d7089efa04d:0
[ 1651685ms] [WARNING] Failed to load conversation: Error: Session not found
    at getConversation (http://localhost:5177/src/api/conversationApi.ts:66:11)
    at async loadConversation (http://localhost:5177/src/pages/DiagnosisStudioPage.tsx?t=1779622816211:123:23) @ http://localhost:5177/src/pages/DiagnosisStudioPage.tsx?t=1779622816211:136
[ 1655235ms] [ERROR] Failed to load resource: the server responded with a status of 404 (Not Found) @ http://localhost:5177/api/diagnosis/conversation/35488f64-451d-4f66-90cc-3d7089efa04d:0
[ 1655236ms] [WARNING] Failed to load conversation: Error: Session not found
    at getConversation (http://localhost:5177/src/api/conversationApi.ts:66:11)
    at async loadConversation (http://localhost:5177/src/pages/DiagnosisStudioPage.tsx?t=1779622819787:123:23) @ http://localhost:5177/src/pages/DiagnosisStudioPage.tsx?t=1779622819787:136
[ 1659251ms] [ERROR] Failed to load resource: the server responded with a status of 404 (Not Found) @ http://localhost:5177/api/diagnosis/conversation/35488f64-451d-4f66-90cc-3d7089efa04d:0
[ 1659251ms] [WARNING] Failed to load conversation: Error: Session not found
    at getConversation (http://localhost:5177/src/api/conversationApi.ts:66:11)
    at async loadConversation (http://localhost:5177/src/pages/DiagnosisStudioPage.tsx?t=1779622823788:123:23) @ http://localhost:5177/src/pages/DiagnosisStudioPage.tsx?t=1779622823788:136
[ 1663057ms] [ERROR] Failed to load resource: the server responded with a status of 404 (Not Found) @ http://localhost:5177/api/diagnosis/conversation/35488f64-451d-4f66-90cc-3d7089efa04d:0
[ 1663058ms] [WARNING] Failed to load conversation: Error: Session not found
    at getConversation (http://localhost:5177/src/api/conversationApi.ts:66:11)
    at async loadConversation (http://localhost:5177/src/pages/DiagnosisStudioPage.tsx?t=1779622827597:123:23) @ http://localhost:5177/src/pages/DiagnosisStudioPage.tsx?t=1779622827597:136
[ 1667036ms] [ERROR] Failed to load resource: the server responded with a status of 404 (Not Found) @ http://localhost:5177/api/diagnosis/conversation/35488f64-451d-4f66-90cc-3d7089efa04d:0
[ 1667036ms] [WARNING] Failed to load conversation: Error: Session not found
    at getConversation (http://localhost:5177/src/api/conversationApi.ts:66:11)
    at async loadConversation (http://localhost:5177/src/pages/DiagnosisStudioPage.tsx?t=1779622831579:123:23) @ http://localhost:5177/src/pages/DiagnosisStudioPage.tsx?t=1779622831579:136
[ 1678097ms] [ERROR] Failed to load resource: the server responded with a status of 404 (Not Found) @ http://localhost:5177/api/diagnosis/conversation/35488f64-451d-4f66-90cc-3d7089efa04d:0
[ 1678098ms] [WARNING] Failed to load conversation: Error: Session not found
    at getConversation (http://localhost:5177/src/api/conversationApi.ts:66:11)
    at async loadConversation (http://localhost:5177/src/pages/DiagnosisStudioPage.tsx?t=1779622842616:123:23) @ http://localhost:5177/src/pages/DiagnosisStudioPage.tsx?t=1779622842616:136
[ 1687081ms] [ERROR] Failed to load resource: the server responded with a status of 404 (Not Found) @ http://localhost:5177/api/diagnosis/conversation/35488f64-451d-4f66-90cc-3d7089efa04d:0
[ 1687081ms] [WARNING] Failed to load conversation: Error: Session not found
    at getConversation (http://localhost:5177/src/api/conversationApi.ts:66:11)
    at async loadConversation (http://localhost:5177/src/pages/DiagnosisStudioPage.tsx?t=1779622851626:123:23) @ http://localhost:5177/src/pages/DiagnosisStudioPage.tsx?t=1779622851626:136
[ 1704133ms] [ERROR] Failed to load resource: the server responded with a status of 404 (Not Found) @ http://localhost:5177/api/diagnosis/conversation/35488f64-451d-4f66-90cc-3d7089efa04d:0
[ 1704134ms] [WARNING] Failed to load conversation: Error: Session not found
    at getConversation (http://localhost:5177/src/api/conversationApi.ts:66:11)
    at async loadConversation (http://localhost:5177/src/pages/DiagnosisStudioPage.tsx?t=1779622868660:123:23) @ http://localhost:5177/src/pages/DiagnosisStudioPage.tsx?t=1779622868660:136
[ 1733136ms] [ERROR] Failed to load resource: the server responded with a status of 404 (Not Found) @ http://localhost:5177/api/diagnosis/conversation/35488f64-451d-4f66-90cc-3d7089efa04d:0
[ 1733136ms] [WARNING] Failed to load conversation: Error: Session not found
    at getConversation (http://localhost:5177/src/api/conversationApi.ts:66:11)
    at async loadConversation (http://localhost:5177/src/pages/DiagnosisStudioPage.tsx?t=1779622897668:123:23) @ http://localhost:5177/src/pages/DiagnosisStudioPage.tsx?t=1779622897668:136
[ 1900956ms] [ERROR] Failed to load resource: the server responded with a status of 404 (Not Found) @ http://localhost:5177/api/diagnosis/conversation/35488f64-451d-4f66-90cc-3d7089efa04d:0
[ 1900956ms] [WARNING] Failed to load conversation: Error: Session not found
    at getConversation (http://localhost:5177/src/api/conversationApi.ts:66:11)
    at async loadConversation (http://localhost:5177/src/pages/DiagnosisStudioPage.tsx?t=1779623065504:123:23) @ http://localhost:5177/src/pages/DiagnosisStudioPage.tsx?t=1779623065504:136
[ 1961626ms] [INFO] %cDownload the React DevTools for a better development experience: https://reactjs.org/link/react-devtools font-weight:bold @ http://localhost:5177/node_modules/.vite/deps/chunk-FD5SMSK5.js?v=663fd24c:21608
[ 1961749ms] [ERROR] Warning: [antd: Input] `addonAfter` is deprecated. Please use `Space.Compact` instead. @ http://localhost:5177/node_modules/.vite/deps/chunk-L6C7PLMZ.js?v=663fd24c:1247
[ 1961808ms] [WARNING] ⚠️ React Router Future Flag Warning: React Router will begin wrapping state updates in `React.startTransition` in v7. You can use the `v7_startTransition` future flag to opt-in early. For more information, see https://reactrouter.com/v6/upgrading/future#v7_starttransition. @ http://localhost:5177/node_modules/.vite/deps/react-router-dom.js?v=663fd24c:4435
[ 1961808ms] [WARNING] ⚠️ React Router Future Flag Warning: Relative route resolution within Splat routes is changing in v7. You can use the `v7_relativeSplatPath` future flag to opt-in early. For more information, see https://reactrouter.com/v6/upgrading/future#v7_relativesplatpath. @ http://localhost:5177/node_modules/.vite/deps/react-router-dom.js?v=663fd24c:4435
[ 1961884ms] [ERROR] Failed to load resource: the server responded with a status of 404 (Not Found) @ http://localhost:5177/api/diagnosis/conversation/35488f64-451d-4f66-90cc-3d7089efa04d:0
[ 1961887ms] [WARNING] Failed to load conversation: Error: Session not found
    at getConversation (http://localhost:5177/src/api/conversationApi.ts:66:11)
    at async loadConversation (http://localhost:5177/src/pages/DiagnosisStudioPage.tsx?t=1779623065504:123:23) @ http://localhost:5177/src/pages/DiagnosisStudioPage.tsx?t=1779623065504:136
[ 1966541ms] [INFO] %cDownload the React DevTools for a better development experience: https://reactjs.org/link/react-devtools font-weight:bold @ http://localhost:5177/node_modules/.vite/deps/chunk-FD5SMSK5.js?v=663fd24c:21608
[ 1966624ms] [ERROR] Warning: [antd: Input] `addonAfter` is deprecated. Please use `Space.Compact` instead. @ http://localhost:5177/node_modules/.vite/deps/chunk-L6C7PLMZ.js?v=663fd24c:1247
[ 1966681ms] [WARNING] ⚠️ React Router Future Flag Warning: React Router will begin wrapping state updates in `React.startTransition` in v7. You can use the `v7_startTransition` future flag to opt-in early. For more information, see https://reactrouter.com/v6/upgrading/future#v7_starttransition. @ http://localhost:5177/node_modules/.vite/deps/react-router-dom.js?v=663fd24c:4435
[ 1966681ms] [WARNING] ⚠️ React Router Future Flag Warning: Relative route resolution within Splat routes is changing in v7. You can use the `v7_relativeSplatPath` future flag to opt-in early. For more information, see https://reactrouter.com/v6/upgrading/future#v7_relativesplatpath. @ http://localhost:5177/node_modules/.vite/deps/react-router-dom.js?v=663fd24c:4435
[ 1966723ms] [ERROR] Failed to load resource: the server responded with a status of 404 (Not Found) @ http://localhost:5177/api/diagnosis/conversation/35488f64-451d-4f66-90cc-3d7089efa04d:0
[ 1966725ms] [WARNING] Failed to load conversation: Error: Session not found
    at getConversation (http://localhost:5177/src/api/conversationApi.ts:66:11)
    at async loadConversation (http://localhost:5177/src/pages/DiagnosisStudioPage.tsx?t=1779623065504:123:23) @ http://localhost:5177/src/pages/DiagnosisStudioPage.tsx?t=1779623065504:136
[ 1971954ms] [INFO] %cDownload the React DevTools for a better development experience: https://reactjs.org/link/react-devtools font-weight:bold @ http://localhost:5177/node_modules/.vite/deps/chunk-FD5SMSK5.js?v=663fd24c:21608
[ 1972073ms] [ERROR] Warning: [antd: Input] `addonAfter` is deprecated. Please use `Space.Compact` instead. @ http://localhost:5177/node_modules/.vite/deps/chunk-L6C7PLMZ.js?v=663fd24c:1247
[ 1972135ms] [WARNING] ⚠️ React Router Future Flag Warning: React Router will begin wrapping state updates in `React.startTransition` in v7. You can use the `v7_startTransition` future flag to opt-in early. For more information, see https://reactrouter.com/v6/upgrading/future#v7_starttransition. @ http://localhost:5177/node_modules/.vite/deps/react-router-dom.js?v=663fd24c:4435
[ 1972135ms] [WARNING] ⚠️ React Router Future Flag Warning: Relative route resolution within Splat routes is changing in v7. You can use the `v7_relativeSplatPath` future flag to opt-in early. For more information, see https://reactrouter.com/v6/upgrading/future#v7_relativesplatpath. @ http://localhost:5177/node_modules/.vite/deps/react-router-dom.js?v=663fd24c:4435
[ 1972184ms] [ERROR] Failed to load resource: the server responded with a status of 404 (Not Found) @ http://localhost:5177/api/diagnosis/conversation/35488f64-451d-4f66-90cc-3d7089efa04d:0
[ 1972188ms] [WARNING] Failed to load conversation: Error: Session not found
    at getConversation (http://localhost:5177/src/api/conversationApi.ts:66:11)
    at async loadConversation (http://localhost:5177/src/pages/DiagnosisStudioPage.tsx?t=1779623065504:123:23) @ http://localhost:5177/src/pages/DiagnosisStudioPage.tsx?t=1779623065504:136
[ 1982810ms] [INFO] %cDownload the React DevTools for a better development experience: https://reactjs.org/link/react-devtools font-weight:bold @ http://localhost:5177/node_modules/.vite/deps/chunk-FD5SMSK5.js?v=663fd24c:21608
[ 1982890ms] [ERROR] Warning: [antd: Input] `addonAfter` is deprecated. Please use `Space.Compact` instead. @ http://localhost:5177/node_modules/.vite/deps/chunk-L6C7PLMZ.js?v=663fd24c:1247
[ 1982952ms] [WARNING] ⚠️ React Router Future Flag Warning: React Router will begin wrapping state updates in `React.startTransition` in v7. You can use the `v7_startTransition` future flag to opt-in early. For more information, see https://reactrouter.com/v6/upgrading/future#v7_starttransition. @ http://localhost:5177/node_modules/.vite/deps/react-router-dom.js?v=663fd24c:4435
[ 1982952ms] [WARNING] ⚠️ React Router Future Flag Warning: Relative route resolution within Splat routes is changing in v7. You can use the `v7_relativeSplatPath` future flag to opt-in early. For more information, see https://reactrouter.com/v6/upgrading/future#v7_relativesplatpath. @ http://localhost:5177/node_modules/.vite/deps/react-router-dom.js?v=663fd24c:4435
[ 1983002ms] [ERROR] Failed to load resource: the server responded with a status of 404 (Not Found) @ http://localhost:5177/api/diagnosis/conversation/35488f64-451d-4f66-90cc-3d7089efa04d:0
[ 1983006ms] [WARNING] Failed to load conversation: Error: Session not found
    at getConversation (http://localhost:5177/src/api/conversationApi.ts:66:11)
    at async loadConversation (http://localhost:5177/src/pages/DiagnosisStudioPage.tsx?t=1779623065504:123:23) @ http://localhost:5177/src/pages/DiagnosisStudioPage.tsx?t=1779623065504:136
[ 1988083ms] [INFO] %cDownload the React DevTools for a better development experience: https://reactjs.org/link/react-devtools font-weight:bold @ http://localhost:5177/node_modules/.vite/deps/chunk-FD5SMSK5.js?v=663fd24c:21608
[ 1988166ms] [ERROR] Warning: [antd: Input] `addonAfter` is deprecated. Please use `Space.Compact` instead. @ http://localhost:5177/node_modules/.vite/deps/chunk-L6C7PLMZ.js?v=663fd24c:1247
[ 1988215ms] [WARNING] ⚠️ React Router Future Flag Warning: React Router will begin wrapping state updates in `React.startTransition` in v7. You can use the `v7_startTransition` future flag to opt-in early. For more information, see https://reactrouter.com/v6/upgrading/future#v7_starttransition. @ http://localhost:5177/node_modules/.vite/deps/react-router-dom.js?v=663fd24c:4435
[ 1988215ms] [WARNING] ⚠️ React Router Future Flag Warning: Relative route resolution within Splat routes is changing in v7. You can use the `v7_relativeSplatPath` future flag to opt-in early. For more information, see https://reactrouter.com/v6/upgrading/future#v7_relativesplatpath. @ http://localhost:5177/node_modules/.vite/deps/react-router-dom.js?v=663fd24c:4435
[ 1988264ms] [ERROR] Failed to load resource: the server responded with a status of 404 (Not Found) @ http://localhost:5177/api/diagnosis/conversation/35488f64-451d-4f66-90cc-3d7089efa04d:0
[ 1988265ms] [WARNING] Failed to load conversation: Error: Session not found
    at getConversation (http://localhost:5177/src/api/conversationApi.ts:66:11)
    at async loadConversation (http://localhost:5177/src/pages/DiagnosisStudioPage.tsx?t=1779623065504:123:23) @ http://localhost:5177/src/pages/DiagnosisStudioPage.tsx?t=1779623065504:136
[ 1992919ms] [INFO] %cDownload the React DevTools for a better development experience: https://reactjs.org/link/react-devtools font-weight:bold @ http://localhost:5177/node_modules/.vite/deps/chunk-FD5SMSK5.js?v=663fd24c:21608
[ 1993016ms] [ERROR] Warning: [antd: Input] `addonAfter` is deprecated. Please use `Space.Compact` instead. @ http://localhost:5177/node_modules/.vite/deps/chunk-L6C7PLMZ.js?v=663fd24c:1247
[ 1993091ms] [WARNING] ⚠️ React Router Future Flag Warning: React Router will begin wrapping state updates in `React.startTransition` in v7. You can use the `v7_startTransition` future flag to opt-in early. For more information, see https://reactrouter.com/v6/upgrading/future#v7_starttransition. @ http://localhost:5177/node_modules/.vite/deps/react-router-dom.js?v=663fd24c:4435
[ 1993092ms] [WARNING] ⚠️ React Router Future Flag Warning: Relative route resolution within Splat routes is changing in v7. You can use the `v7_relativeSplatPath` future flag to opt-in early. For more information, see https://reactrouter.com/v6/upgrading/future#v7_relativesplatpath. @ http://localhost:5177/node_modules/.vite/deps/react-router-dom.js?v=663fd24c:4435
[ 1993138ms] [ERROR] Failed to load resource: the server responded with a status of 404 (Not Found) @ http://localhost:5177/api/diagnosis/conversation/35488f64-451d-4f66-90cc-3d7089efa04d:0
[ 1993139ms] [WARNING] Failed to load conversation: Error: Session not found
    at getConversation (http://localhost:5177/src/api/conversationApi.ts:66:11)
    at async loadConversation (http://localhost:5177/src/pages/DiagnosisStudioPage.tsx?t=1779623065504:123:23) @ http://localhost:5177/src/pages/DiagnosisStudioPage.tsx?t=1779623065504:136
[ 2102733ms] [INFO] %cDownload the React DevTools for a better development experience: https://reactjs.org/link/react-devtools font-weight:bold @ http://localhost:5177/node_modules/.vite/deps/chunk-FD5SMSK5.js?v=663fd24c:21608
[ 2102848ms] [ERROR] Warning: [antd: Input] `addonAfter` is deprecated. Please use `Space.Compact` instead. @ http://localhost:5177/node_modules/.vite/deps/chunk-L6C7PLMZ.js?v=663fd24c:1247
[ 2102914ms] [WARNING] ⚠️ React Router Future Flag Warning: React Router will begin wrapping state updates in `React.startTransition` in v7. You can use the `v7_startTransition` future flag to opt-in early. For more information, see https://reactrouter.com/v6/upgrading/future#v7_starttransition. @ http://localhost:5177/node_modules/.vite/deps/react-router-dom.js?v=663fd24c:4435
[ 2102914ms] [WARNING] ⚠️ React Router Future Flag Warning: Relative route resolution within Splat routes is changing in v7. You can use the `v7_relativeSplatPath` future flag to opt-in early. For more information, see https://reactrouter.com/v6/upgrading/future#v7_relativesplatpath. @ http://localhost:5177/node_modules/.vite/deps/react-router-dom.js?v=663fd24c:4435
[ 2102974ms] [ERROR] Failed to load resource: the server responded with a status of 404 (Not Found) @ http://localhost:5177/api/diagnosis/conversation/35488f64-451d-4f66-90cc-3d7089efa04d:0
[ 2102975ms] [WARNING] Failed to load conversation: Error: Session not found
    at getConversation (http://localhost:5177/src/api/conversationApi.ts:66:11)
    at async loadConversation (http://localhost:5177/src/pages/DiagnosisStudioPage.tsx?t=1779623260969:123:23) @ http://localhost:5177/src/pages/DiagnosisStudioPage.tsx?t=1779623260969:136
[ 2109364ms] [INFO] %cDownload the React DevTools for a better development experience: https://reactjs.org/link/react-devtools font-weight:bold @ http://localhost:5177/node_modules/.vite/deps/chunk-FD5SMSK5.js?v=663fd24c:21608
[ 2109448ms] [ERROR] Warning: [antd: Input] `addonAfter` is deprecated. Please use `Space.Compact` instead. @ http://localhost:5177/node_modules/.vite/deps/chunk-L6C7PLMZ.js?v=663fd24c:1247
[ 2109502ms] [WARNING] ⚠️ React Router Future Flag Warning: React Router will begin wrapping state updates in `React.startTransition` in v7. You can use the `v7_startTransition` future flag to opt-in early. For more information, see https://reactrouter.com/v6/upgrading/future#v7_starttransition. @ http://localhost:5177/node_modules/.vite/deps/react-router-dom.js?v=663fd24c:4435
[ 2109502ms] [WARNING] ⚠️ React Router Future Flag Warning: Relative route resolution within Splat routes is changing in v7. You can use the `v7_relativeSplatPath` future flag to opt-in early. For more information, see https://reactrouter.com/v6/upgrading/future#v7_relativesplatpath. @ http://localhost:5177/node_modules/.vite/deps/react-router-dom.js?v=663fd24c:4435
[ 2109548ms] [ERROR] Failed to load resource: the server responded with a status of 404 (Not Found) @ http://localhost:5177/api/diagnosis/conversation/35488f64-451d-4f66-90cc-3d7089efa04d:0
[ 2109549ms] [WARNING] Failed to load conversation: Error: Session not found
    at getConversation (http://localhost:5177/src/api/conversationApi.ts:66:11)
    at async loadConversation (http://localhost:5177/src/pages/DiagnosisStudioPage.tsx?t=1779623260969:123:23) @ http://localhost:5177/src/pages/DiagnosisStudioPage.tsx?t=1779623260969:136
[ 2115375ms] [INFO] %cDownload the React DevTools for a better development experience: https://reactjs.org/link/react-devtools font-weight:bold @ http://localhost:5177/node_modules/.vite/deps/chunk-FD5SMSK5.js?v=663fd24c:21608
[ 2115472ms] [ERROR] Warning: [antd: Input] `addonAfter` is deprecated. Please use `Space.Compact` instead. @ http://localhost:5177/node_modules/.vite/deps/chunk-L6C7PLMZ.js?v=663fd24c:1247
[ 2115537ms] [WARNING] ⚠️ React Router Future Flag Warning: React Router will begin wrapping state updates in `React.startTransition` in v7. You can use the `v7_startTransition` future flag to opt-in early. For more information, see https://reactrouter.com/v6/upgrading/future#v7_starttransition. @ http://localhost:5177/node_modules/.vite/deps/react-router-dom.js?v=663fd24c:4435
[ 2115537ms] [WARNING] ⚠️ React Router Future Flag Warning: Relative route resolution within Splat routes is changing in v7. You can use the `v7_relativeSplatPath` future flag to opt-in early. For more information, see https://reactrouter.com/v6/upgrading/future#v7_relativesplatpath. @ http://localhost:5177/node_modules/.vite/deps/react-router-dom.js?v=663fd24c:4435
[ 2115581ms] [ERROR] Failed to load resource: the server responded with a status of 404 (Not Found) @ http://localhost:5177/api/diagnosis/conversation/35488f64-451d-4f66-90cc-3d7089efa04d:0
[ 2115585ms] [WARNING] Failed to load conversation: Error: Session not found
    at getConversation (http://localhost:5177/src/api/conversationApi.ts:66:11)
    at async loadConversation (http://localhost:5177/src/pages/DiagnosisStudioPage.tsx?t=1779623260969:123:23) @ http://localhost:5177/src/pages/DiagnosisStudioPage.tsx?t=1779623260969:136
[ 2122182ms] [INFO] %cDownload the React DevTools for a better development experience: https://reactjs.org/link/react-devtools font-weight:bold @ http://localhost:5177/node_modules/.vite/deps/chunk-FD5SMSK5.js?v=663fd24c:21608
[ 2122273ms] [ERROR] Warning: [antd: Input] `addonAfter` is deprecated. Please use `Space.Compact` instead. @ http://localhost:5177/node_modules/.vite/deps/chunk-L6C7PLMZ.js?v=663fd24c:1247
[ 2122321ms] [WARNING] ⚠️ React Router Future Flag Warning: React Router will begin wrapping state updates in `React.startTransition` in v7. You can use the `v7_startTransition` future flag to opt-in early. For more information, see https://reactrouter.com/v6/upgrading/future#v7_starttransition. @ http://localhost:5177/node_modules/.vite/deps/react-router-dom.js?v=663fd24c:4435
[ 2122321ms] [WARNING] ⚠️ React Router Future Flag Warning: Relative route resolution within Splat routes is changing in v7. You can use the `v7_relativeSplatPath` future flag to opt-in early. For more information, see https://reactrouter.com/v6/upgrading/future#v7_relativesplatpath. @ http://localhost:5177/node_modules/.vite/deps/react-router-dom.js?v=663fd24c:4435
[ 2122365ms] [ERROR] Failed to load resource: the server responded with a status of 404 (Not Found) @ http://localhost:5177/api/diagnosis/conversation/35488f64-451d-4f66-90cc-3d7089efa04d:0
[ 2122368ms] [WARNING] Failed to load conversation: Error: Session not found
    at getConversation (http://localhost:5177/src/api/conversationApi.ts:66:11)
    at async loadConversation (http://localhost:5177/src/pages/DiagnosisStudioPage.tsx?t=1779623260969:123:23) @ http://localhost:5177/src/pages/DiagnosisStudioPage.tsx?t=1779623260969:136
[ 2146195ms] [INFO] %cDownload the React DevTools for a better development experience: https://reactjs.org/link/react-devtools font-weight:bold @ http://localhost:5177/node_modules/.vite/deps/chunk-FD5SMSK5.js?v=663fd24c:21608
[ 2146290ms] [ERROR] Warning: [antd: Input] `addonAfter` is deprecated. Please use `Space.Compact` instead. @ http://localhost:5177/node_modules/.vite/deps/chunk-L6C7PLMZ.js?v=663fd24c:1247
[ 2146348ms] [WARNING] ⚠️ React Router Future Flag Warning: React Router will begin wrapping state updates in `React.startTransition` in v7. You can use the `v7_startTransition` future flag to opt-in early. For more information, see https://reactrouter.com/v6/upgrading/future#v7_starttransition. @ http://localhost:5177/node_modules/.vite/deps/react-router-dom.js?v=663fd24c:4435
[ 2146348ms] [WARNING] ⚠️ React Router Future Flag Warning: Relative route resolution within Splat routes is changing in v7. You can use the `v7_relativeSplatPath` future flag to opt-in early. For more information, see https://reactrouter.com/v6/upgrading/future#v7_relativesplatpath. @ http://localhost:5177/node_modules/.vite/deps/react-router-dom.js?v=663fd24c:4435
[ 2146389ms] [ERROR] Failed to load resource: the server responded with a status of 404 (Not Found) @ http://localhost:5177/api/diagnosis/conversation/35488f64-451d-4f66-90cc-3d7089efa04d:0
[ 2146393ms] [WARNING] Failed to load conversation: Error: Session not found
    at getConversation (http://localhost:5177/src/api/conversationApi.ts:66:11)
    at async loadConversation (http://localhost:5177/src/pages/DiagnosisStudioPage.tsx?t=1779623260969:123:23) @ http://localhost:5177/src/pages/DiagnosisStudioPage.tsx?t=1779623260969:136
[ 2152333ms] [INFO] %cDownload the React DevTools for a better development experience: https://reactjs.org/link/react-devtools font-weight:bold @ http://localhost:5177/node_modules/.vite/deps/chunk-FD5SMSK5.js?v=663fd24c:21608
[ 2152421ms] [ERROR] Warning: [antd: Input] `addonAfter` is deprecated. Please use `Space.Compact` instead. @ http://localhost:5177/node_modules/.vite/deps/chunk-L6C7PLMZ.js?v=663fd24c:1247
[ 2152476ms] [WARNING] ⚠️ React Router Future Flag Warning: React Router will begin wrapping state updates in `React.startTransition` in v7. You can use the `v7_startTransition` future flag to opt-in early. For more information, see https://reactrouter.com/v6/upgrading/future#v7_starttransition. @ http://localhost:5177/node_modules/.vite/deps/react-router-dom.js?v=663fd24c:4435
[ 2152476ms] [WARNING] ⚠️ React Router Future Flag Warning: Relative route resolution within Splat routes is changing in v7. You can use the `v7_relativeSplatPath` future flag to opt-in early. For more information, see https://reactrouter.com/v6/upgrading/future#v7_relativesplatpath. @ http://localhost:5177/node_modules/.vite/deps/react-router-dom.js?v=663fd24c:4435
[ 2152522ms] [ERROR] Failed to load resource: the server responded with a status of 404 (Not Found) @ http://localhost:5177/api/diagnosis/conversation/35488f64-451d-4f66-90cc-3d7089efa04d:0
[ 2152526ms] [WARNING] Failed to load conversation: Error: Session not found
    at getConversation (http://localhost:5177/src/api/conversationApi.ts:66:11)
    at async loadConversation (http://localhost:5177/src/pages/DiagnosisStudioPage.tsx?t=1779623260969:123:23) @ http://localhost:5177/src/pages/DiagnosisStudioPage.tsx?t=1779623260969:136
